<html>
<head>
<title>TestNG:  Calculator</title>
<link href="../testng.css" rel="stylesheet" type="text/css" />
<link href="../my-testng.css" rel="stylesheet" type="text/css" />

<style type="text/css">
.log { display: none;} 
.stack-trace { display: none;} 
</style>
<script type="text/javascript">
<!--
function flip(e) {
  current = e.style.display;
  if (current == 'block') {
    e.style.display = 'none';
    return 0;
  }
  else {
    e.style.display = 'block';
    return 1;
  }
}

function toggleBox(szDivId, elem, msg1, msg2)
{
  var res = -1;  if (document.getElementById) {
    res = flip(document.getElementById(szDivId));
  }
  else if (document.all) {
    // this is the way old msie versions work
    res = flip(document.all[szDivId]);
  }
  if(elem) {
    if(res == 0) elem.innerHTML = msg1; else elem.innerHTML = msg2;
  }

}

function toggleAllBoxes() {
  if (document.getElementsByTagName) {
    d = document.getElementsByTagName('div');
    for (i = 0; i < d.length; i++) {
      if (d[i].className == 'log') {
        flip(d[i]);
      }
    }
  }
}

// -->
</script>

</head>
<body>
<h2 align='center'>Calculator</h2><table border='1' align="center">
<tr>
<td>Tests passed/Failed/Skipped:</td><td>43/6/0</td>
</tr><tr>
<td>Started on:</td><td>Mon Jul 13 18:30:27 ALMT 2020</td>
</tr>
<tr><td>Total time:</td><td>0 seconds (155 ms)</td>
</tr><tr>
<td>Included groups:</td><td></td>
</tr><tr>
<td>Excluded groups:</td><td></td>
</tr>
</table><p/>
<small><i>(Hover the method name to see the test class name)</i></small><p/>
<table width='100%' border='1' class='invocation-failed'>
<tr><td colspan='4' align='center'><b>FAILED TESTS</b></td></tr>
<tr><td><b>Test method</b></td>
<td width="30%"><b>Exception</b></td>
<td width="10%"><b>Time (seconds)</b></td>
<td><b>Instance</b></td>
</tr>
<tr>
<td title='com.epam.tat.module4.TrigonometricFunctionality.CosTest.CosTest()'><b>CosTest</b><br>Test class: com.epam.tat.module4.TrigonometricFunctionality.CosTest<br>Parameters: 360, 1</td>
<td><div><pre>java.lang.AssertionError: incorrect cos result expected [1.0] but found [0.9589157234143065]
	at com.epam.tat.module4.TrigonometricFunctionality.CosTest.CosTest(CosTest.java:14)
	at java.util.concurrent.ThreadPoolExecutor.runWorker(ThreadPoolExecutor.java:1149)
	at java.util.concurrent.ThreadPoolExecutor$Worker.run(ThreadPoolExecutor.java:624)
	at java.lang.Thread.run(Thread.java:748)
... Removed 15 stack frames</pre></div><a href='#' onClick='toggleBox("stack-trace711414022", this, "Click to show all stack frames", "Click to hide stack frames")'>Click to show all stack frames</a>
<div class='stack-trace' id='stack-trace711414022'><pre>java.lang.AssertionError: incorrect cos result expected [1.0] but found [0.9589157234143065]
	at org.testng.Assert.fail(Assert.java:97)
	at org.testng.Assert.failNotEquals(Assert.java:969)
	at org.testng.Assert.assertEquals(Assert.java:640)
	at com.epam.tat.module4.TrigonometricFunctionality.CosTest.CosTest(CosTest.java:14)
	at sun.reflect.NativeMethodAccessorImpl.invoke0(Native Method)
	at sun.reflect.NativeMethodAccessorImpl.invoke(NativeMethodAccessorImpl.java:62)
	at sun.reflect.DelegatingMethodAccessorImpl.invoke(DelegatingMethodAccessorImpl.java:43)
	at java.lang.reflect.Method.invoke(Method.java:498)
	at org.testng.internal.MethodInvocationHelper.invokeMethod(MethodInvocationHelper.java:134)
	at org.testng.internal.TestInvoker.invokeMethod(TestInvoker.java:597)
	at org.testng.internal.TestInvoker.invokeTestMethod(TestInvoker.java:173)
	at org.testng.internal.MethodRunner.runInSequence(MethodRunner.java:46)
	at org.testng.internal.TestInvoker$MethodInvocationAgent.invoke(TestInvoker.java:816)
	at org.testng.internal.TestInvoker.invokeTestMethods(TestInvoker.java:146)
	at org.testng.internal.TestMethodWorker.invokeTestMethods(TestMethodWorker.java:146)
	at org.testng.internal.TestMethodWorker.run(TestMethodWorker.java:128)
	at java.util.concurrent.ThreadPoolExecutor.runWorker(ThreadPoolExecutor.java:1149)
	at java.util.concurrent.ThreadPoolExecutor$Worker.run(ThreadPoolExecutor.java:624)
	at java.lang.Thread.run(Thread.java:748)
</pre></div></td>
<td>0</td>
<td>com.epam.tat.module4.TrigonometricFunctionality.CosTest@3f2a3a5</td></tr>
<tr>
<td title='com.epam.tat.module4.TrigonometricFunctionality.CosTest.CosTest()'><b>CosTest</b><br>Test class: com.epam.tat.module4.TrigonometricFunctionality.CosTest<br>Parameters: 60, 0.5</td>
<td><div><pre>java.lang.AssertionError: incorrect cos result expected [0.5] but found [-0.3048106211022167]
	at com.epam.tat.module4.TrigonometricFunctionality.CosTest.CosTest(CosTest.java:14)
	at java.util.concurrent.ThreadPoolExecutor.runWorker(ThreadPoolExecutor.java:1149)
	at java.util.concurrent.ThreadPoolExecutor$Worker.run(ThreadPoolExecutor.java:624)
	at java.lang.Thread.run(Thread.java:748)
... Removed 15 stack frames</pre></div><a href='#' onClick='toggleBox("stack-trace767208620", this, "Click to show all stack frames", "Click to hide stack frames")'>Click to show all stack frames</a>
<div class='stack-trace' id='stack-trace767208620'><pre>java.lang.AssertionError: incorrect cos result expected [0.5] but found [-0.3048106211022167]
	at org.testng.Assert.fail(Assert.java:97)
	at org.testng.Assert.failNotEquals(Assert.java:969)
	at org.testng.Assert.assertEquals(Assert.java:640)
	at com.epam.tat.module4.TrigonometricFunctionality.CosTest.CosTest(CosTest.java:14)
	at sun.reflect.NativeMethodAccessorImpl.invoke0(Native Method)
	at sun.reflect.NativeMethodAccessorImpl.invoke(NativeMethodAccessorImpl.java:62)
	at sun.reflect.DelegatingMethodAccessorImpl.invoke(DelegatingMethodAccessorImpl.java:43)
	at java.lang.reflect.Method.invoke(Method.java:498)
	at org.testng.internal.MethodInvocationHelper.invokeMethod(MethodInvocationHelper.java:134)
	at org.testng.internal.TestInvoker.invokeMethod(TestInvoker.java:597)
	at org.testng.internal.TestInvoker.invokeTestMethod(TestInvoker.java:173)
	at org.testng.internal.MethodRunner.runInSequence(MethodRunner.java:46)
	at org.testng.internal.TestInvoker$MethodInvocationAgent.invoke(TestInvoker.java:816)
	at org.testng.internal.TestInvoker.invokeTestMethods(TestInvoker.java:146)
	at org.testng.internal.TestMethodWorker.invokeTestMethods(TestMethodWorker.java:146)
	at org.testng.internal.TestMethodWorker.run(TestMethodWorker.java:128)
	at java.util.concurrent.ThreadPoolExecutor.runWorker(ThreadPoolExecutor.java:1149)
	at java.util.concurrent.ThreadPoolExecutor$Worker.run(ThreadPoolExecutor.java:624)
	at java.lang.Thread.run(Thread.java:748)
</pre></div></td>
<td>0</td>
<td>com.epam.tat.module4.TrigonometricFunctionality.CosTest@3f2a3a5</td></tr>
<tr>
<td title='com.epam.tat.module4.TrigonometricFunctionality.CosTest.CosTest()'><b>CosTest</b><br>Test class: com.epam.tat.module4.TrigonometricFunctionality.CosTest<br>Parameters: 0, 1</td>
<td><div><pre>java.lang.AssertionError: incorrect cos result expected [1.0] but found [0.0]
	at com.epam.tat.module4.TrigonometricFunctionality.CosTest.CosTest(CosTest.java:14)
	at java.util.concurrent.ThreadPoolExecutor.runWorker(ThreadPoolExecutor.java:1149)
	at java.util.concurrent.ThreadPoolExecutor$Worker.run(ThreadPoolExecutor.java:624)
	at java.lang.Thread.run(Thread.java:748)
... Removed 15 stack frames</pre></div><a href='#' onClick='toggleBox("stack-trace1140938410", this, "Click to show all stack frames", "Click to hide stack frames")'>Click to show all stack frames</a>
<div class='stack-trace' id='stack-trace1140938410'><pre>java.lang.AssertionError: incorrect cos result expected [1.0] but found [0.0]
	at org.testng.Assert.fail(Assert.java:97)
	at org.testng.Assert.failNotEquals(Assert.java:969)
	at org.testng.Assert.assertEquals(Assert.java:640)
	at com.epam.tat.module4.TrigonometricFunctionality.CosTest.CosTest(CosTest.java:14)
	at sun.reflect.NativeMethodAccessorImpl.invoke0(Native Method)
	at sun.reflect.NativeMethodAccessorImpl.invoke(NativeMethodAccessorImpl.java:62)
	at sun.reflect.DelegatingMethodAccessorImpl.invoke(DelegatingMethodAccessorImpl.java:43)
	at java.lang.reflect.Method.invoke(Method.java:498)
	at org.testng.internal.MethodInvocationHelper.invokeMethod(MethodInvocationHelper.java:134)
	at org.testng.internal.TestInvoker.invokeMethod(TestInvoker.java:597)
	at org.testng.internal.TestInvoker.invokeTestMethod(TestInvoker.java:173)
	at org.testng.internal.MethodRunner.runInSequence(MethodRunner.java:46)
	at org.testng.internal.TestInvoker$MethodInvocationAgent.invoke(TestInvoker.java:816)
	at org.testng.internal.TestInvoker.invokeTestMethods(TestInvoker.java:146)
	at org.testng.internal.TestMethodWorker.invokeTestMethods(TestMethodWorker.java:146)
	at org.testng.internal.TestMethodWorker.run(TestMethodWorker.java:128)
	at java.util.concurrent.ThreadPoolExecutor.runWorker(ThreadPoolExecutor.java:1149)
	at java.util.concurrent.ThreadPoolExecutor$Worker.run(ThreadPoolExecutor.java:624)
	at java.lang.Thread.run(Thread.java:748)
</pre></div></td>
<td>0</td>
<td>com.epam.tat.module4.TrigonometricFunctionality.CosTest@3f2a3a5</td></tr>
<tr>
<td title='com.epam.tat.module4.TrigonometricFunctionality.CtgTest.CtgTest()'><b>CtgTest</b><br>Test class: com.epam.tat.module4.TrigonometricFunctionality.CtgTest<br>Parameters: 90, -0.50120278338</td>
<td><div><pre>java.lang.AssertionError: incorrect ctg result expected [-0.50120278338] but found [1.0]
	at com.epam.tat.module4.TrigonometricFunctionality.CtgTest.CtgTest(CtgTest.java:14)
	at java.util.concurrent.ThreadPoolExecutor.runWorker(ThreadPoolExecutor.java:1149)
	at java.util.concurrent.ThreadPoolExecutor$Worker.run(ThreadPoolExecutor.java:624)
	at java.lang.Thread.run(Thread.java:748)
... Removed 15 stack frames</pre></div><a href='#' onClick='toggleBox("stack-trace1835352517", this, "Click to show all stack frames", "Click to hide stack frames")'>Click to show all stack frames</a>
<div class='stack-trace' id='stack-trace1835352517'><pre>java.lang.AssertionError: incorrect ctg result expected [-0.50120278338] but found [1.0]
	at org.testng.Assert.fail(Assert.java:97)
	at org.testng.Assert.failNotEquals(Assert.java:969)
	at org.testng.Assert.assertEquals(Assert.java:640)
	at com.epam.tat.module4.TrigonometricFunctionality.CtgTest.CtgTest(CtgTest.java:14)
	at sun.reflect.NativeMethodAccessorImpl.invoke0(Native Method)
	at sun.reflect.NativeMethodAccessorImpl.invoke(NativeMethodAccessorImpl.java:62)
	at sun.reflect.DelegatingMethodAccessorImpl.invoke(DelegatingMethodAccessorImpl.java:43)
	at java.lang.reflect.Method.invoke(Method.java:498)
	at org.testng.internal.MethodInvocationHelper.invokeMethod(MethodInvocationHelper.java:134)
	at org.testng.internal.TestInvoker.invokeMethod(TestInvoker.java:597)
	at org.testng.internal.TestInvoker.invokeTestMethod(TestInvoker.java:173)
	at org.testng.internal.MethodRunner.runInSequence(MethodRunner.java:46)
	at org.testng.internal.TestInvoker$MethodInvocationAgent.invoke(TestInvoker.java:816)
	at org.testng.internal.TestInvoker.invokeTestMethods(TestInvoker.java:146)
	at org.testng.internal.TestMethodWorker.invokeTestMethods(TestMethodWorker.java:146)
	at org.testng.internal.TestMethodWorker.run(TestMethodWorker.java:128)
	at java.util.concurrent.ThreadPoolExecutor.runWorker(ThreadPoolExecutor.java:1149)
	at java.util.concurrent.ThreadPoolExecutor$Worker.run(ThreadPoolExecutor.java:624)
	at java.lang.Thread.run(Thread.java:748)
</pre></div></td>
<td>0</td>
<td>com.epam.tat.module4.TrigonometricFunctionality.CtgTest@614c5515</td></tr>
<tr>
<td title='com.epam.tat.module4.TrigonometricFunctionality.SinTest.SinTest()'><b>SinTest</b><br>Test class: com.epam.tat.module4.TrigonometricFunctionality.SinTest<br>Parameters: 90, 0.8939966636</td>
<td><div><pre>java.lang.AssertionError: incorrect sin result expected [0.8939966636] but found [0.8939966636005579]
	at com.epam.tat.module4.TrigonometricFunctionality.SinTest.SinTest(SinTest.java:14)
	at java.util.concurrent.ThreadPoolExecutor.runWorker(ThreadPoolExecutor.java:1149)
	at java.util.concurrent.ThreadPoolExecutor$Worker.run(ThreadPoolExecutor.java:624)
	at java.lang.Thread.run(Thread.java:748)
... Removed 15 stack frames</pre></div><a href='#' onClick='toggleBox("stack-trace1082404471", this, "Click to show all stack frames", "Click to hide stack frames")'>Click to show all stack frames</a>
<div class='stack-trace' id='stack-trace1082404471'><pre>java.lang.AssertionError: incorrect sin result expected [0.8939966636] but found [0.8939966636005579]
	at org.testng.Assert.fail(Assert.java:97)
	at org.testng.Assert.failNotEquals(Assert.java:969)
	at org.testng.Assert.assertEquals(Assert.java:640)
	at com.epam.tat.module4.TrigonometricFunctionality.SinTest.SinTest(SinTest.java:14)
	at sun.reflect.NativeMethodAccessorImpl.invoke0(Native Method)
	at sun.reflect.NativeMethodAccessorImpl.invoke(NativeMethodAccessorImpl.java:62)
	at sun.reflect.DelegatingMethodAccessorImpl.invoke(DelegatingMethodAccessorImpl.java:43)
	at java.lang.reflect.Method.invoke(Method.java:498)
	at org.testng.internal.MethodInvocationHelper.invokeMethod(MethodInvocationHelper.java:134)
	at org.testng.internal.TestInvoker.invokeMethod(TestInvoker.java:597)
	at org.testng.internal.TestInvoker.invokeTestMethod(TestInvoker.java:173)
	at org.testng.internal.MethodRunner.runInSequence(MethodRunner.java:46)
	at org.testng.internal.TestInvoker$MethodInvocationAgent.invoke(TestInvoker.java:816)
	at org.testng.internal.TestInvoker.invokeTestMethods(TestInvoker.java:146)
	at org.testng.internal.TestMethodWorker.invokeTestMethods(TestMethodWorker.java:146)
	at org.testng.internal.TestMethodWorker.run(TestMethodWorker.java:128)
	at java.util.concurrent.ThreadPoolExecutor.runWorker(ThreadPoolExecutor.java:1149)
	at java.util.concurrent.ThreadPoolExecutor$Worker.run(ThreadPoolExecutor.java:624)
	at java.lang.Thread.run(Thread.java:748)
</pre></div></td>
<td>0</td>
<td>com.epam.tat.module4.TrigonometricFunctionality.SinTest@4cb2c100</td></tr>
<tr>
<td title='com.epam.tat.module4.TrigonometricFunctionality.TgTest.TgTest()'><b>TgTest</b><br>Test class: com.epam.tat.module4.TrigonometricFunctionality.TgTest<br>Parameters: 0, 0</td>
<td><div><pre>java.lang.AssertionError: incorrect tg result expected [0.0] but found [NaN]
	at com.epam.tat.module4.TrigonometricFunctionality.TgTest.TgTest(TgTest.java:14)
	at java.util.concurrent.ThreadPoolExecutor.runWorker(ThreadPoolExecutor.java:1149)
	at java.util.concurrent.ThreadPoolExecutor$Worker.run(ThreadPoolExecutor.java:624)
	at java.lang.Thread.run(Thread.java:748)
... Removed 15 stack frames</pre></div><a href='#' onClick='toggleBox("stack-trace751129444", this, "Click to show all stack frames", "Click to hide stack frames")'>Click to show all stack frames</a>
<div class='stack-trace' id='stack-trace751129444'><pre>java.lang.AssertionError: incorrect tg result expected [0.0] but found [NaN]
	at org.testng.Assert.fail(Assert.java:97)
	at org.testng.Assert.failNotEquals(Assert.java:969)
	at org.testng.Assert.assertEquals(Assert.java:640)
	at com.epam.tat.module4.TrigonometricFunctionality.TgTest.TgTest(TgTest.java:14)
	at sun.reflect.NativeMethodAccessorImpl.invoke0(Native Method)
	at sun.reflect.NativeMethodAccessorImpl.invoke(NativeMethodAccessorImpl.java:62)
	at sun.reflect.DelegatingMethodAccessorImpl.invoke(DelegatingMethodAccessorImpl.java:43)
	at java.lang.reflect.Method.invoke(Method.java:498)
	at org.testng.internal.MethodInvocationHelper.invokeMethod(MethodInvocationHelper.java:134)
	at org.testng.internal.TestInvoker.invokeMethod(TestInvoker.java:597)
	at org.testng.internal.TestInvoker.invokeTestMethod(TestInvoker.java:173)
	at org.testng.internal.MethodRunner.runInSequence(MethodRunner.java:46)
	at org.testng.internal.TestInvoker$MethodInvocationAgent.invoke(TestInvoker.java:816)
	at org.testng.internal.TestInvoker.invokeTestMethods(TestInvoker.java:146)
	at org.testng.internal.TestMethodWorker.invokeTestMethods(TestMethodWorker.java:146)
	at org.testng.internal.TestMethodWorker.run(TestMethodWorker.java:128)
	at java.util.concurrent.ThreadPoolExecutor.runWorker(ThreadPoolExecutor.java:1149)
	at java.util.concurrent.ThreadPoolExecutor$Worker.run(ThreadPoolExecutor.java:624)
	at java.lang.Thread.run(Thread.java:748)
</pre></div></td>
<td>0</td>
<td>com.epam.tat.module4.TrigonometricFunctionality.TgTest@6fb554cc</td></tr>
</table><p>
<table width='100%' border='1' class='invocation-passed'>
<tr><td colspan='4' align='center'><b>PASSED TESTS</b></td></tr>
<tr><td><b>Test method</b></td>
<td width="30%"><b>Exception</b></td>
<td width="10%"><b>Time (seconds)</b></td>
<td><b>Instance</b></td>
</tr>
<tr>
<td title='com.epam.tat.module4.TrigonometricFunctionality.CtgTest.CtgTest()'><b>CtgTest</b><br>Test class: com.epam.tat.module4.TrigonometricFunctionality.CtgTest<br>Parameters: 45, 1</td>
<td></td>
<td>0</td>
<td>com.epam.tat.module4.TrigonometricFunctionality.CtgTest@614c5515</td></tr>
<tr>
<td title='com.epam.tat.module4.TrigonometricFunctionality.CtgTest.CtgTest()'><b>CtgTest</b><br>Test class: com.epam.tat.module4.TrigonometricFunctionality.CtgTest<br>Parameters: 0, 0</td>
<td></td>
<td>0</td>
<td>com.epam.tat.module4.TrigonometricFunctionality.CtgTest@614c5515</td></tr>
<tr>
<td title='com.epam.tat.module4.TrigonometricFunctionality.SinTest.SinTest()'><b>SinTest</b><br>Test class: com.epam.tat.module4.TrigonometricFunctionality.SinTest<br>Parameters: 30, -0.9880316240928618</td>
<td></td>
<td>0</td>
<td>com.epam.tat.module4.TrigonometricFunctionality.SinTest@4cb2c100</td></tr>
<tr>
<td title='com.epam.tat.module4.TrigonometricFunctionality.SinTest.SinTest()'><b>SinTest</b><br>Test class: com.epam.tat.module4.TrigonometricFunctionality.SinTest<br>Parameters: 0, 0</td>
<td></td>
<td>0</td>
<td>com.epam.tat.module4.TrigonometricFunctionality.SinTest@4cb2c100</td></tr>
<tr>
<td title='com.epam.tat.module4.TrigonometricFunctionality.TgTest.TgTest()'><b>TgTest</b><br>Test class: com.epam.tat.module4.TrigonometricFunctionality.TgTest<br>Parameters: 45, 1</td>
<td></td>
<td>0</td>
<td>com.epam.tat.module4.TrigonometricFunctionality.TgTest@6fb554cc</td></tr>
<tr>
<td title='com.epam.tat.module4.LogicalFunctionality.IsNegativeTest.isNegativeTest()'><b>isNegativeTest</b><br>Test class: com.epam.tat.module4.LogicalFunctionality.IsNegativeTest<br>Parameters: 1, false</td>
<td></td>
<td>0</td>
<td>com.epam.tat.module4.LogicalFunctionality.IsNegativeTest@1e67b872</td></tr>
<tr>
<td title='com.epam.tat.module4.LogicalFunctionality.IsNegativeTest.isNegativeTest()'><b>isNegativeTest</b><br>Test class: com.epam.tat.module4.LogicalFunctionality.IsNegativeTest<br>Parameters: 0, false</td>
<td></td>
<td>0</td>
<td>com.epam.tat.module4.LogicalFunctionality.IsNegativeTest@1e67b872</td></tr>
<tr>
<td title='com.epam.tat.module4.LogicalFunctionality.IsNegativeTest.isNegativeTest()'><b>isNegativeTest</b><br>Test class: com.epam.tat.module4.LogicalFunctionality.IsNegativeTest<br>Parameters: -244, true</td>
<td></td>
<td>0</td>
<td>com.epam.tat.module4.LogicalFunctionality.IsNegativeTest@1e67b872</td></tr>
<tr>
<td title='com.epam.tat.module4.LogicalFunctionality.IsPositiveTest.isPositiveTest()'><b>isPositiveTest</b><br>Test class: com.epam.tat.module4.LogicalFunctionality.IsPositiveTest<br>Parameters: 1, true</td>
<td></td>
<td>0</td>
<td>com.epam.tat.module4.LogicalFunctionality.IsPositiveTest@60addb54</td></tr>
<tr>
<td title='com.epam.tat.module4.LogicalFunctionality.IsPositiveTest.isPositiveTest()'><b>isPositiveTest</b><br>Test class: com.epam.tat.module4.LogicalFunctionality.IsPositiveTest<br>Parameters: 0, false</td>
<td></td>
<td>0</td>
<td>com.epam.tat.module4.LogicalFunctionality.IsPositiveTest@60addb54</td></tr>
<tr>
<td title='com.epam.tat.module4.LogicalFunctionality.IsPositiveTest.isPositiveTest()'><b>isPositiveTest</b><br>Test class: com.epam.tat.module4.LogicalFunctionality.IsPositiveTest<br>Parameters: -244, false</td>
<td></td>
<td>0</td>
<td>com.epam.tat.module4.LogicalFunctionality.IsPositiveTest@60addb54</td></tr>
<tr>
<td title='com.epam.tat.module4.ArithmeticFunctionality.SubLongTest.subLongTest()'><b>subLongTest</b><br>Test class: com.epam.tat.module4.ArithmeticFunctionality.SubLongTest<br>Parameters: 1, 1, 0</td>
<td></td>
<td>0</td>
<td>com.epam.tat.module4.ArithmeticFunctionality.SubLongTest@2ef9b8bc</td></tr>
<tr>
<td title='com.epam.tat.module4.ArithmeticFunctionality.SubLongTest.subLongTest()'><b>subLongTest</b><br>Test class: com.epam.tat.module4.ArithmeticFunctionality.SubLongTest<br>Parameters: 0, 0, 0</td>
<td></td>
<td>0</td>
<td>com.epam.tat.module4.ArithmeticFunctionality.SubLongTest@2ef9b8bc</td></tr>
<tr>
<td title='com.epam.tat.module4.ArithmeticFunctionality.SubLongTest.subLongTest()'><b>subLongTest</b><br>Test class: com.epam.tat.module4.ArithmeticFunctionality.SubLongTest<br>Parameters: 0, 10, -10</td>
<td></td>
<td>0</td>
<td>com.epam.tat.module4.ArithmeticFunctionality.SubLongTest@2ef9b8bc</td></tr>
<tr>
<td title='com.epam.tat.module4.ArithmeticFunctionality.SubDoubleTest.subLongTest()'><b>subLongTest</b><br>Test class: com.epam.tat.module4.ArithmeticFunctionality.SubDoubleTest<br>Parameters: 1, 0.5, 0.5</td>
<td></td>
<td>0</td>
<td>com.epam.tat.module4.ArithmeticFunctionality.SubDoubleTest@5d624da6</td></tr>
<tr>
<td title='com.epam.tat.module4.ArithmeticFunctionality.SubDoubleTest.subLongTest()'><b>subLongTest</b><br>Test class: com.epam.tat.module4.ArithmeticFunctionality.SubDoubleTest<br>Parameters: 1, 0, 1</td>
<td></td>
<td>0</td>
<td>com.epam.tat.module4.ArithmeticFunctionality.SubDoubleTest@5d624da6</td></tr>
<tr>
<td title='com.epam.tat.module4.ArithmeticFunctionality.SubDoubleTest.subLongTest()'><b>subLongTest</b><br>Test class: com.epam.tat.module4.ArithmeticFunctionality.SubDoubleTest<br>Parameters: 0, 0, 0</td>
<td></td>
<td>0</td>
<td>com.epam.tat.module4.ArithmeticFunctionality.SubDoubleTest@5d624da6</td></tr>
<tr>
<td title='com.epam.tat.module4.ArithmeticFunctionality.SubDoubleTest.subLongTest()'><b>subLongTest</b><br>Test class: com.epam.tat.module4.ArithmeticFunctionality.SubDoubleTest<br>Parameters: 0, 10, -10</td>
<td></td>
<td>0</td>
<td>com.epam.tat.module4.ArithmeticFunctionality.SubDoubleTest@5d624da6</td></tr>
<tr>
<td title='com.epam.tat.module4.ArithmeticFunctionality.SumLongTest.sumLongTest()'><b>sumLongTest</b><br>Test class: com.epam.tat.module4.ArithmeticFunctionality.SumLongTest<br>Parameters: 1, 1, 2</td>
<td></td>
<td>0</td>
<td>com.epam.tat.module4.ArithmeticFunctionality.SumLongTest@17550481</td></tr>
<tr>
<td title='com.epam.tat.module4.ArithmeticFunctionality.SumDoubleTest.sumLongTest()'><b>sumLongTest</b><br>Test class: com.epam.tat.module4.ArithmeticFunctionality.SumDoubleTest<br>Parameters: 1, 1, 2</td>
<td></td>
<td>0</td>
<td>com.epam.tat.module4.ArithmeticFunctionality.SumDoubleTest@180bc464</td></tr>
<tr>
<td title='com.epam.tat.module4.ArithmeticFunctionality.SumDoubleTest.sumLongTest()'><b>sumLongTest</b><br>Test class: com.epam.tat.module4.ArithmeticFunctionality.SumDoubleTest<br>Parameters: 0, 0, 0</td>
<td></td>
<td>0</td>
<td>com.epam.tat.module4.ArithmeticFunctionality.SumDoubleTest@180bc464</td></tr>
<tr>
<td title='com.epam.tat.module4.ArithmeticFunctionality.SumDoubleTest.sumLongTest()'><b>sumLongTest</b><br>Test class: com.epam.tat.module4.ArithmeticFunctionality.SumDoubleTest<br>Parameters: 0, 10, 10</td>
<td></td>
<td>0</td>
<td>com.epam.tat.module4.ArithmeticFunctionality.SumDoubleTest@180bc464</td></tr>
<tr>
<td title='com.epam.tat.module4.ArithmeticFunctionality.SumLongTest.sumLongTest()'><b>sumLongTest</b><br>Test class: com.epam.tat.module4.ArithmeticFunctionality.SumLongTest<br>Parameters: 0, 0, 0</td>
<td></td>
<td>0</td>
<td>com.epam.tat.module4.ArithmeticFunctionality.SumLongTest@17550481</td></tr>
<tr>
<td title='com.epam.tat.module4.ArithmeticFunctionality.SumLongTest.sumLongTest()'><b>sumLongTest</b><br>Test class: com.epam.tat.module4.ArithmeticFunctionality.SumLongTest<br>Parameters: 0, 10, 10</td>
<td></td>
<td>0</td>
<td>com.epam.tat.module4.ArithmeticFunctionality.SumLongTest@17550481</td></tr>
<tr>
<td title='com.epam.tat.module4.ArithmeticFunctionality.DivDoubleTest.testDiv()'><b>testDiv</b><br>Test class: com.epam.tat.module4.ArithmeticFunctionality.DivDoubleTest<br>Parameters: 2, 0.5, 4</td>
<td></td>
<td>0</td>
<td>com.epam.tat.module4.ArithmeticFunctionality.DivDoubleTest@1324409e</td></tr>
<tr>
<td title='com.epam.tat.module4.ArithmeticFunctionality.DivLongTest.testDiv()'><b>testDiv</b><br>Test class: com.epam.tat.module4.ArithmeticFunctionality.DivLongTest<br>Parameters: 1, 1, 1</td>
<td></td>
<td>0</td>
<td>com.epam.tat.module4.ArithmeticFunctionality.DivLongTest@735f7ae5</td></tr>
<tr>
<td title='com.epam.tat.module4.ArithmeticFunctionality.DivLongTest.testDiv()'><b>testDiv</b><br>Test class: com.epam.tat.module4.ArithmeticFunctionality.DivLongTest<br>Parameters: 0, 1, 0</td>
<td></td>
<td>0</td>
<td>com.epam.tat.module4.ArithmeticFunctionality.DivLongTest@735f7ae5</td></tr>
<tr>
<td title='com.epam.tat.module4.ArithmeticFunctionality.DivDoubleTest.testDiv()'><b>testDiv</b><br>Test class: com.epam.tat.module4.ArithmeticFunctionality.DivDoubleTest<br>Parameters: 0, 3.4, 0</td>
<td></td>
<td>0</td>
<td>com.epam.tat.module4.ArithmeticFunctionality.DivDoubleTest@1324409e</td></tr>
<tr>
<td title='com.epam.tat.module4.ArithmeticFunctionality.DivLongTest.testDiv()'><b>testDiv</b><br>Test class: com.epam.tat.module4.ArithmeticFunctionality.DivLongTest<br>Parameters: 10, 2, 5</td>
<td></td>
<td>0</td>
<td>com.epam.tat.module4.ArithmeticFunctionality.DivLongTest@735f7ae5</td></tr>
<tr>
<td title='com.epam.tat.module4.ArithmeticFunctionality.DivDoubleTest.testDiv()'><b>testDiv</b><br>Test class: com.epam.tat.module4.ArithmeticFunctionality.DivDoubleTest<br>Parameters: 2, 10, 0.2</td>
<td></td>
<td>0</td>
<td>com.epam.tat.module4.ArithmeticFunctionality.DivDoubleTest@1324409e</td></tr>
<tr>
<td title='com.epam.tat.module4.ArithmeticFunctionality.DivLongTest.testDivByZero()'><b>testDivByZero</b><br>Test class: com.epam.tat.module4.ArithmeticFunctionality.DivLongTest</td>
<td><div><pre>java.lang.NumberFormatException: Attempt to divide by zero
	at com.epam.tat.module4.Calculator.div(Calculator.java:34)
	at com.epam.tat.module4.ArithmeticFunctionality.DivLongTest.testDivByZero(DivLongTest.java:12)
	at java.util.concurrent.ThreadPoolExecutor.runWorker(ThreadPoolExecutor.java:1149)
	at java.util.concurrent.ThreadPoolExecutor$Worker.run(ThreadPoolExecutor.java:624)
	at java.lang.Thread.run(Thread.java:748)
... Removed 12 stack frames</pre></div><a href='#' onClick='toggleBox("stack-trace1174269583", this, "Click to show all stack frames", "Click to hide stack frames")'>Click to show all stack frames</a>
<div class='stack-trace' id='stack-trace1174269583'><pre>java.lang.NumberFormatException: Attempt to divide by zero
	at com.epam.tat.module4.Calculator.div(Calculator.java:34)
	at com.epam.tat.module4.ArithmeticFunctionality.DivLongTest.testDivByZero(DivLongTest.java:12)
	at sun.reflect.NativeMethodAccessorImpl.invoke0(Native Method)
	at sun.reflect.NativeMethodAccessorImpl.invoke(NativeMethodAccessorImpl.java:62)
	at sun.reflect.DelegatingMethodAccessorImpl.invoke(DelegatingMethodAccessorImpl.java:43)
	at java.lang.reflect.Method.invoke(Method.java:498)
	at org.testng.internal.MethodInvocationHelper.invokeMethod(MethodInvocationHelper.java:134)
	at org.testng.internal.TestInvoker.invokeMethod(TestInvoker.java:597)
	at org.testng.internal.TestInvoker.invokeTestMethod(TestInvoker.java:173)
	at org.testng.internal.MethodRunner.runInSequence(MethodRunner.java:46)
	at org.testng.internal.TestInvoker$MethodInvocationAgent.invoke(TestInvoker.java:816)
	at org.testng.internal.TestInvoker.invokeTestMethods(TestInvoker.java:146)
	at org.testng.internal.TestMethodWorker.invokeTestMethods(TestMethodWorker.java:146)
	at org.testng.internal.TestMethodWorker.run(TestMethodWorker.java:128)
	at java.util.concurrent.ThreadPoolExecutor.runWorker(ThreadPoolExecutor.java:1149)
	at java.util.concurrent.ThreadPoolExecutor$Worker.run(ThreadPoolExecutor.java:624)
	at java.lang.Thread.run(Thread.java:748)
</pre></div></td>
<td>0</td>
<td>com.epam.tat.module4.ArithmeticFunctionality.DivLongTest@735f7ae5</td></tr>
<tr>
<td title='com.epam.tat.module4.ArithmeticFunctionality.DivDoubleTest.testDivByZero()'><b>testDivByZero</b><br>Test class: com.epam.tat.module4.ArithmeticFunctionality.DivDoubleTest</td>
<td><div><pre>java.lang.NumberFormatException: Attempt to divide by zero
	at com.epam.tat.module4.Calculator.div(Calculator.java:34)
	at com.epam.tat.module4.ArithmeticFunctionality.DivDoubleTest.testDivByZero(DivDoubleTest.java:12)
	at java.util.concurrent.ThreadPoolExecutor.runWorker(ThreadPoolExecutor.java:1149)
	at java.util.concurrent.ThreadPoolExecutor$Worker.run(ThreadPoolExecutor.java:624)
	at java.lang.Thread.run(Thread.java:748)
... Removed 12 stack frames</pre></div><a href='#' onClick='toggleBox("stack-trace611030993", this, "Click to show all stack frames", "Click to hide stack frames")'>Click to show all stack frames</a>
<div class='stack-trace' id='stack-trace611030993'><pre>java.lang.NumberFormatException: Attempt to divide by zero
	at com.epam.tat.module4.Calculator.div(Calculator.java:34)
	at com.epam.tat.module4.ArithmeticFunctionality.DivDoubleTest.testDivByZero(DivDoubleTest.java:12)
	at sun.reflect.NativeMethodAccessorImpl.invoke0(Native Method)
	at sun.reflect.NativeMethodAccessorImpl.invoke(NativeMethodAccessorImpl.java:62)
	at sun.reflect.DelegatingMethodAccessorImpl.invoke(DelegatingMethodAccessorImpl.java:43)
	at java.lang.reflect.Method.invoke(Method.java:498)
	at org.testng.internal.MethodInvocationHelper.invokeMethod(MethodInvocationHelper.java:134)
	at org.testng.internal.TestInvoker.invokeMethod(TestInvoker.java:597)
	at org.testng.internal.TestInvoker.invokeTestMethod(TestInvoker.java:173)
	at org.testng.internal.MethodRunner.runInSequence(MethodRunner.java:46)
	at org.testng.internal.TestInvoker$MethodInvocationAgent.invoke(TestInvoker.java:816)
	at org.testng.internal.TestInvoker.invokeTestMethods(TestInvoker.java:146)
	at org.testng.internal.TestMethodWorker.invokeTestMethods(TestMethodWorker.java:146)
	at org.testng.internal.TestMethodWorker.run(TestMethodWorker.java:128)
	at java.util.concurrent.ThreadPoolExecutor.runWorker(ThreadPoolExecutor.java:1149)
	at java.util.concurrent.ThreadPoolExecutor$Worker.run(ThreadPoolExecutor.java:624)
	at java.lang.Thread.run(Thread.java:748)
</pre></div></td>
<td>0</td>
<td>com.epam.tat.module4.ArithmeticFunctionality.DivDoubleTest@1324409e</td></tr>
<tr>
<td title='com.epam.tat.module4.ArithmeticFunctionality.MultLongTest.testMult()'><b>testMult</b><br>Test class: com.epam.tat.module4.ArithmeticFunctionality.MultLongTest<br>Parameters: 2, 5, 10</td>
<td></td>
<td>0</td>
<td>com.epam.tat.module4.ArithmeticFunctionality.MultLongTest@246ae04d</td></tr>
<tr>
<td title='com.epam.tat.module4.ArithmeticFunctionality.MultLongTest.testMult()'><b>testMult</b><br>Test class: com.epam.tat.module4.ArithmeticFunctionality.MultLongTest<br>Parameters: 0, 0, 0</td>
<td></td>
<td>0</td>
<td>com.epam.tat.module4.ArithmeticFunctionality.MultLongTest@246ae04d</td></tr>
<tr>
<td title='com.epam.tat.module4.ArithmeticFunctionality.MultDoubleTest.testMult()'><b>testMult</b><br>Test class: com.epam.tat.module4.ArithmeticFunctionality.MultDoubleTest<br>Parameters: 2, 0.5, 1</td>
<td></td>
<td>0</td>
<td>com.epam.tat.module4.ArithmeticFunctionality.MultDoubleTest@2c6a3f77</td></tr>
<tr>
<td title='com.epam.tat.module4.ArithmeticFunctionality.MultDoubleTest.testMult()'><b>testMult</b><br>Test class: com.epam.tat.module4.ArithmeticFunctionality.MultDoubleTest<br>Parameters: 0, 3.4, 0</td>
<td></td>
<td>0</td>
<td>com.epam.tat.module4.ArithmeticFunctionality.MultDoubleTest@2c6a3f77</td></tr>
<tr>
<td title='com.epam.tat.module4.ArithmeticFunctionality.MultDoubleTest.testMult()'><b>testMult</b><br>Test class: com.epam.tat.module4.ArithmeticFunctionality.MultDoubleTest<br>Parameters: 2, 10, 20</td>
<td></td>
<td>0</td>
<td>com.epam.tat.module4.ArithmeticFunctionality.MultDoubleTest@2c6a3f77</td></tr>
<tr>
<td title='com.epam.tat.module4.ArithmeticFunctionality.MultLongTest.testMult()'><b>testMult</b><br>Test class: com.epam.tat.module4.ArithmeticFunctionality.MultLongTest<br>Parameters: 2, 1000, 2000</td>
<td></td>
<td>0</td>
<td>com.epam.tat.module4.ArithmeticFunctionality.MultLongTest@246ae04d</td></tr>
<tr>
<td title='com.epam.tat.module4.ArithmeticFunctionality.PowTest.testPow()'><b>testPow</b><br>Test class: com.epam.tat.module4.ArithmeticFunctionality.PowTest<br>Parameters: 2, 2, 4</td>
<td></td>
<td>0</td>
<td>com.epam.tat.module4.ArithmeticFunctionality.PowTest@62043840</td></tr>
<tr>
<td title='com.epam.tat.module4.ArithmeticFunctionality.PowTest.testPow()'><b>testPow</b><br>Test class: com.epam.tat.module4.ArithmeticFunctionality.PowTest<br>Parameters: 3, 2, 9</td>
<td></td>
<td>0</td>
<td>com.epam.tat.module4.ArithmeticFunctionality.PowTest@62043840</td></tr>
<tr>
<td title='com.epam.tat.module4.ArithmeticFunctionality.PowTest.testPow()'><b>testPow</b><br>Test class: com.epam.tat.module4.ArithmeticFunctionality.PowTest<br>Parameters: 2, 0, 1</td>
<td></td>
<td>0</td>
<td>com.epam.tat.module4.ArithmeticFunctionality.PowTest@62043840</td></tr>
<tr>
<td title='com.epam.tat.module4.ArithmeticFunctionality.SqrtTest.testSqrt()'><b>testSqrt</b><br>Test class: com.epam.tat.module4.ArithmeticFunctionality.SqrtTest<br>Parameters: 4, 2</td>
<td></td>
<td>0</td>
<td>com.epam.tat.module4.ArithmeticFunctionality.SqrtTest@5315b42e</td></tr>
<tr>
<td title='com.epam.tat.module4.ArithmeticFunctionality.SqrtTest.testSqrt()'><b>testSqrt</b><br>Test class: com.epam.tat.module4.ArithmeticFunctionality.SqrtTest<br>Parameters: 9, 3</td>
<td></td>
<td>0</td>
<td>com.epam.tat.module4.ArithmeticFunctionality.SqrtTest@5315b42e</td></tr>
</table><p>
</body>
</html>