<?xml version="1.0" encoding="UTF-8"?>
<!-- Generated by org.testng.reporters.JUnitReportReporter -->
<testsuite skipped="0" hostname="LAPTOP-3QHODDFO" name="com.epam.tat.module4.TrigonometricFunctionality.SinTest" tests="3" failures="1" timestamp="2020-07-13T22:10:30 ALMT" time="0.001" errors="0">
  <testcase name="SinTest" time="0.001" classname="com.epam.tat.module4.TrigonometricFunctionality.SinTest">
    <failure type="java.lang.AssertionError" message="incorrect sin result expected [0.8939966636] but found [0.8939966636005579]">
      <![CDATA[java.lang.AssertionError: incorrect sin result expected [0.8939966636] but found [0.8939966636005579]
at org.testng.Assert.fail(Assert.java:97)
at org.testng.Assert.failNotEquals(Assert.java:969)
at org.testng.Assert.assertEquals(Assert.java:640)
at com.epam.tat.module4.TrigonometricFunctionality.SinTest.SinTest(SinTest.java:14)
at sun.reflect.NativeMethodAccessorImpl.invoke0(Native Method)
at sun.reflect.NativeMethodAccessorImpl.invoke(NativeMethodAccessorImpl.java:62)
at sun.reflect.DelegatingMethodAccessorImpl.invoke(DelegatingMethodAccessorImpl.java:43)
at java.lang.reflect.Method.invoke(Method.java:498)
at org.testng.internal.MethodInvocationHelper.invokeMethod(MethodInvocationHelper.java:134)
at org.testng.internal.TestInvoker.invokeMethod(TestInvoker.java:597)
at org.testng.internal.TestInvoker.invokeTestMethod(TestInvoker.java:173)
at org.testng.internal.MethodRunner.runInSequence(MethodRunner.java:46)
at org.testng.internal.TestInvoker$MethodInvocationAgent.invoke(TestInvoker.java:816)
at org.testng.internal.TestInvoker.invokeTestMethods(TestInvoker.java:146)
at org.testng.internal.TestMethodWorker.invokeTestMethods(TestMethodWorker.java:146)
at org.testng.internal.TestMethodWorker.run(TestMethodWorker.java:128)
at java.util.concurrent.ThreadPoolExecutor.runWorker(ThreadPoolExecutor.java:1149)
at java.util.concurrent.ThreadPoolExecutor$Worker.run(ThreadPoolExecutor.java:624)
at java.lang.Thread.run(Thread.java:748)
]]>
    </failure>
  </testcase> <!-- SinTest -->
  <system-out/>
  <testcase name="SinTest" time="0.000" classname="com.epam.tat.module4.TrigonometricFunctionality.SinTest"/>
  <system-out/>
  <testcase name="SinTest" time="0.000" classname="com.epam.tat.module4.TrigonometricFunctionality.SinTest"/>
  <system-out/>
</testsuite> <!-- com.epam.tat.module4.TrigonometricFunctionality.SinTest -->
